[1229/082015.458:ERROR:process_memory_win.cc(73)] ReadMemory at 0x7ff6e5e40000 of 64 bytes failed: Only part of a ReadProcessMemory or WriteProcessMemory request was completed. (0x12B)
[1229/082015.478:WARNING:pe_image_reader.cc(340)] could not read dos header from C:\Program Files (x86)\Google\Chrome\Application\chrome.exe
[1229/082015.478:ERROR:process_memory_win.cc(73)] ReadMemory at 0x7ffc59b20000 of 64 bytes failed: Only part of a ReadProcessMemory or WriteProcessMemory request was completed. (0x12B)
[1229/082015.478:WARNING:pe_image_reader.cc(340)] could not read dos header from C:\WINDOWS\SYSTEM32\ntdll.dll
[1229/082015.478:ERROR:process_memory_win.cc(73)] ReadMemory at 0x7ffc57e30000 of 64 bytes failed: Only part of a ReadProcessMemory or WriteProcessMemory request was completed. (0x12B)
[1229/082015.479:WARNING:pe_image_reader.cc(340)] could not read dos header from C:\WINDOWS\System32\KERNEL32.DLL
[1229/082015.479:ERROR:process_memory_win.cc(73)] ReadMemory at 0x7ffc56b90000 of 64 bytes failed: Only part of a ReadProcessMemory or WriteProcessMemory request was completed. (0x12B)
[1229/082015.479:WARNING:pe_image_reader.cc(340)] could not read dos header from C:\WINDOWS\System32\KERNELBASE.dll
[1229/082015.479:ERROR:process_memory_win.cc(73)] ReadMemory at 0x7ffc35ef0000 of 64 bytes failed: Only part of a ReadProcessMemory or WriteProcessMemory request was completed. (0x12B)
[1229/082015.479:WARNING:pe_image_reader.cc(340)] could not read dos header from C:\Program Files (x86)\Google\Chrome\Application\79.0.3945.88\chrome_elf.dll
[1229/082015.480:ERROR:process_memory_win.cc(73)] ReadMemory at 0x7ffc4a690000 of 64 bytes failed: Only part of a ReadProcessMemory or WriteProcessMemory request was completed. (0x12B)
[1229/082015.480:WARNING:pe_image_reader.cc(340)] could not read dos header from C:\WINDOWS\SYSTEM32\VERSION.dll
[1229/082015.480:ERROR:process_memory_win.cc(73)] ReadMemory at 0x7ffc58420000 of 64 bytes failed: Only part of a ReadProcessMemory or WriteProcessMemory request was completed. (0x12B)
[1229/082015.480:WARNING:pe_image_reader.cc(340)] could not read dos header from C:\WINDOWS\System32\msvcrt.dll
[1229/082015.480:ERROR:process_memory_win.cc(73)] ReadMemory at 0x7ffc572d0000 of 64 bytes failed: Only part of a ReadProcessMemory or WriteProcessMemory request was completed. (0x12B)
[1229/082015.480:WARNING:pe_image_reader.cc(340)] could not read dos header from C:\WINDOWS\System32\bcryptPrimitives.dll
[1229/082015.480:ERROR:process_memory_win.cc(73)] ReadMemory at 0x7ffc582f0000 of 64 bytes failed: Only part of a ReadProcessMemory or WriteProcessMemory request was completed. (0x12B)
[1229/082015.480:WARNING:pe_image_reader.cc(340)] could not read dos header from C:\WINDOWS\System32\ADVAPI32.dll
[1229/082015.480:ERROR:process_memory_win.cc(73)] ReadMemory at 0x7ffc592a0000 of 64 bytes failed: Only part of a ReadProcessMemory or WriteProcessMemory request was completed. (0x12B)
[1229/082015.480:WARNING:pe_image_reader.cc(340)] could not read dos header from C:\WINDOWS\System32\sechost.dll
[1229/082015.480:ERROR:process_memory_win.cc(73)] ReadMemory at 0x7ffc58640000 of 64 bytes failed: Only part of a ReadProcessMemory or WriteProcessMemory request was completed. (0x12B)
[1229/082015.480:WARNING:pe_image_reader.cc(340)] could not read dos header from C:\WINDOWS\System32\RPCRT4.dll
[1229/082015.480:ERROR:process_memory_win.cc(73)] ReadMemory at 0x7ffc0b130000 of 64 bytes failed: Only part of a ReadProcessMemory or WriteProcessMemory request was completed. (0x12B)
[1229/082015.480:WARNING:pe_image_reader.cc(340)] could not read dos header from C:\Program Files (x86)\Google\Chrome\Application\79.0.3945.88\chrome_child.dll
[1229/082015.480:ERROR:process_memory_win.cc(73)] ReadMemory at 0x7ffc57d00000 of 64 bytes failed: Only part of a ReadProcessMemory or WriteProcessMemory request was completed. (0x12B)
[1229/082015.480:WARNING:pe_image_reader.cc(340)] could not read dos header from C:\WINDOWS\System32\OLEAUT32.dll
[1229/082015.480:ERROR:process_memory_win.cc(73)] ReadMemory at 0x7ffc56ef0000 of 64 bytes failed: Only part of a ReadProcessMemory or WriteProcessMemory request was completed. (0x12B)
[1229/082015.480:WARNING:pe_image_reader.cc(340)] could not read dos header from C:\WINDOWS\System32\msvcp_win.dll
[1229/082015.480:ERROR:process_memory_win.cc(73)] ReadMemory at 0x7ffc573b0000 of 64 bytes failed: Only part of a ReadProcessMemory or WriteProcessMemory request was completed. (0x12B)
[1229/082015.480:WARNING:pe_image_reader.cc(340)] could not read dos header from C:\WINDOWS\System32\ucrtbase.dll
[1229/082015.481:ERROR:process_memory_win.cc(73)] ReadMemory at 0x7ffc57f80000 of 64 bytes failed: Only part of a ReadProcessMemory or WriteProcessMemory request was completed. (0x12B)
[1229/082015.481:WARNING:pe_image_reader.cc(340)] could not read dos header from C:\WINDOWS\System32\combase.dll
[1229/082015.481:ERROR:process_memory_win.cc(73)] ReadMemory at 0x7ffc58b50000 of 64 bytes failed: Only part of a ReadProcessMemory or WriteProcessMemory request was completed. (0x12B)
[1229/082015.481:WARNING:pe_image_reader.cc(340)] could not read dos header from C:\WINDOWS\System32\WS2_32.dll
[1229/082015.481:ERROR:process_memory_win.cc(73)] ReadMemory at 0x7ffc57350000 of 64 bytes failed: Only part of a ReadProcessMemory or WriteProcessMemory request was completed. (0x12B)
[1229/082015.481:WARNING:pe_image_reader.cc(340)] could not read dos header from C:\WINDOWS\System32\WINTRUST.dll
[1229/082015.481:ERROR:process_memory_win.cc(73)] ReadMemory at 0x7ffc56a60000 of 64 bytes failed: Only part of a ReadProcessMemory or WriteProcessMemory request was completed. (0x12B)
[1229/082015.481:WARNING:pe_image_reader.cc(340)] could not read dos header from C:\WINDOWS\System32\MSASN1.dll
[1229/082015.481:ERROR:process_memory_win.cc(73)] ReadMemory at 0x7ffc57180000 of 64 bytes failed: Only part of a ReadProcessMemory or WriteProcessMemory request was completed. (0x12B)
[1229/082015.481:WARNING:pe_image_reader.cc(340)] could not read dos header from C:\WINDOWS\System32\CRYPT32.dll
[1229/082015.481:ERROR:process_memory_win.cc(73)] ReadMemory at 0x7ffc55f70000 of 64 bytes failed: Only part of a ReadProcessMemory or WriteProcessMemory request was completed. (0x12B)
[1229/082015.481:WARNING:pe_image_reader.cc(340)] could not read dos header from C:\WINDOWS\SYSTEM32\IPHLPAPI.DLL
[1229/082015.481:ERROR:process_memory_win.cc(73)] ReadMemory at 0x7ffc535f0000 of 64 bytes failed: Only part of a ReadProcessMemory or WriteProcessMemory request was completed. (0x12B)
[1229/082015.481:WARNING:pe_image_reader.cc(340)] could not read dos header from C:\WINDOWS\SYSTEM32\WINMM.dll
[1229/082015.481:ERROR:process_memory_win.cc(73)] ReadMemory at 0x7ffc56970000 of 64 bytes failed: Only part of a ReadProcessMemory or WriteProcessMemory request was completed. (0x12B)
[1229/082015.481:WARNING:pe_image_reader.cc(340)] could not read dos header from C:\WINDOWS\SYSTEM32\USERENV.dll
[1229/082015.481:ERROR:process_memory_win.cc(73)] ReadMemory at 0x7ffc56a80000 of 64 bytes failed: Only part of a ReadProcessMemory or WriteProcessMemory request was completed. (0x12B)
[1229/082015.481:WARNING:pe_image_reader.cc(340)] could not read dos header from C:\WINDOWS\System32\profapi.dll
[1229/082015.482:ERROR:process_memory_win.cc(73)] ReadMemory at 0x7ffc46ba0000 of 64 bytes failed: Only part of a ReadProcessMemory or WriteProcessMemory request was completed. (0x12B)
[1229/082015.482:WARNING:pe_image_reader.cc(340)] could not read dos header from C:\WINDOWS\SYSTEM32\DWrite.dll
[1229/082015.482:ERROR:process_memory_win.cc(73)] ReadMemory at 0x7ffc4aaa0000 of 64 bytes failed: Only part of a ReadProcessMemory or WriteProcessMemory request was completed. (0x12B)
[1229/082015.482:WARNING:pe_image_reader.cc(340)] could not read dos header from C:\WINDOWS\SYSTEM32\WINSPOOL.DRV
[1229/082015.482:ERROR:process_memory_win.cc(73)] ReadMemory at 0x7ffc56aa0000 of 64 bytes failed: Only part of a ReadProcessMemory or WriteProcessMemory request was completed. (0x12B)
[1229/082015.482:WARNING:pe_image_reader.cc(340)] could not read dos header from C:\WINDOWS\System32\kernel.appcore.dll
[1229/082015.482:ERROR:process_memory_win.cc(73)] ReadMemory at 0x7ffc56fb0000 of 64 bytes failed: Only part of a ReadProcessMemory or WriteProcessMemory request was completed. (0x12B)
[1229/082015.482:WARNING:pe_image_reader.cc(340)] could not read dos header from C:\WINDOWS\System32\bcrypt.dll
[1229/082015.482:ERROR:process_memory_win.cc(73)] ReadMemory at 0x7ffc491f0000 of 64 bytes failed: Only part of a ReadProcessMemory or WriteProcessMemory request was completed. (0x12B)
[1229/082015.482:WARNING:pe_image_reader.cc(340)] could not read dos header from C:\WINDOWS\SYSTEM32\dbghelp.dll
[1229/082015.482:ERROR:process_memory_win.cc(73)] ReadMemory at 0x7ffc52ab0000 of 64 bytes failed: Only part of a ReadProcessMemory or WriteProcessMemory request was completed. (0x12B)
[1229/082015.482:WARNING:pe_image_reader.cc(340)] could not read dos header from C:\WINDOWS\SYSTEM32\Secur32.dll
[1229/082015.482:ERROR:process_memory_win.cc(73)] ReadMemory at 0x7ffc4c9c0000 of 64 bytes failed: Only part of a ReadProcessMemory or WriteProcessMemory request was completed. (0x12B)
[1229/082015.482:WARNING:pe_image_reader.cc(340)] could not read dos header from C:\WINDOWS\SYSTEM32\WINHTTP.dll
[1229/082015.482:ERROR:process_memory_win.cc(73)] ReadMemory at 0x7ffc4d870000 of 64 bytes failed: Only part of a ReadProcessMemory or WriteProcessMemory request was completed. (0x12B)
[1229/082015.482:WARNING:pe_image_reader.cc(340)] could not read dos header from C:\WINDOWS\SYSTEM32\dhcpcsvc.DLL
[1229/082015.482:ERROR:process_memory_win.cc(73)] ReadMemory at 0x7ffc583a0000 of 64 bytes failed: Only part of a ReadProcessMemory or WriteProcessMemory request was completed. (0x12B)
[1229/082015.483:WARNING:pe_image_reader.cc(340)] could not read dos header from C:\WINDOWS\System32\NSI.dll
[1229/082015.483:ERROR:process_memory_win.cc(73)] ReadMemory at 0x7ffc535c0000 of 64 bytes failed: Only part of a ReadProcessMemory or WriteProcessMemory request was completed. (0x12B)
[1229/082015.483:WARNING:pe_image_reader.cc(340)] could not read dos header from C:\WINDOWS\SYSTEM32\WINMMBASE.dll
[1229/082015.483:ERROR:process_memory_win.cc(73)] ReadMemory at 0x7ffc56b10000 of 64 bytes failed: Only part of a ReadProcessMemory or WriteProcessMemory request was completed. (0x12B)
[1229/082015.483:WARNING:pe_image_reader.cc(340)] could not read dos header from C:\WINDOWS\System32\cfgmgr32.dll
[1229/082015.483:ERROR:process_memory_win.cc(73)] ReadMemory at 0x7ffc53250000 of 64 bytes failed: Only part of a ReadProcessMemory or WriteProcessMemory request was completed. (0x12B)
[1229/082015.483:WARNING:pe_image_reader.cc(340)] could not read dos header from C:\WINDOWS\SYSTEM32\PROPSYS.dll
[1229/082015.483:ERROR:process_memory_win.cc(73)] ReadMemory at 0x7ffc59340000 of 64 bytes failed: Only part of a ReadProcessMemory or WriteProcessMemory request was completed. (0x12B)
[1229/082015.483:WARNING:pe_image_reader.cc(340)] could not read dos header from C:\WINDOWS\System32\shcore.dll
[1229/082015.483:ERROR:process_memory_win.cc(73)] ReadMemory at 0x7ffc56940000 of 64 bytes failed: Only part of a ReadProcessMemory or WriteProcessMemory request was completed. (0x12B)
[1229/082015.483:WARNING:pe_image_reader.cc(340)] could not read dos header from C:\WINDOWS\SYSTEM32\SSPICLI.DLL
[1229/082015.483:ERROR:process_memory_win.cc(73)] ReadMemory at 0x7ffc56430000 of 64 bytes failed: Only part of a ReadProcessMemory or WriteProcessMemory request was completed. (0x12B)
[1229/082015.483:WARNING:pe_image_reader.cc(340)] could not read dos header from C:\WINDOWS\SYSTEM32\CRYPTBASE.DLL
[1229/082015.483:ERROR:process_memory_win.cc(73)] ReadMemory at 0x7ff6e5e40000 of 64 bytes failed: Only part of a ReadProcessMemory or WriteProcessMemory request was completed. (0x12B)
[1229/082015.483:WARNING:pe_image_reader.cc(340)] could not read dos header from C:\Program Files (x86)\Google\Chrome\Application\chrome.exe
[1229/082015.483:ERROR:process_memory_win.cc(73)] ReadMemory at 0x7ffc59b20000 of 64 bytes failed: Only part of a ReadProcessMemory or WriteProcessMemory request was completed. (0x12B)
[1229/082015.483:WARNING:pe_image_reader.cc(340)] could not read dos header from C:\WINDOWS\SYSTEM32\ntdll.dll
[1229/082015.483:ERROR:process_memory_win.cc(73)] ReadMemory at 0x7ffc57e30000 of 64 bytes failed: Only part of a ReadProcessMemory or WriteProcessMemory request was completed. (0x12B)
[1229/082015.483:WARNING:pe_image_reader.cc(340)] could not read dos header from C:\WINDOWS\System32\KERNEL32.DLL
[1229/082015.483:ERROR:process_memory_win.cc(73)] ReadMemory at 0x7ffc56b90000 of 64 bytes failed: Only part of a ReadProcessMemory or WriteProcessMemory request was completed. (0x12B)
[1229/082015.484:WARNING:pe_image_reader.cc(340)] could not read dos header from C:\WINDOWS\System32\KERNELBASE.dll
[1229/082015.484:ERROR:process_memory_win.cc(73)] ReadMemory at 0x7ffc35ef0000 of 64 bytes failed: Only part of a ReadProcessMemory or WriteProcessMemory request was completed. (0x12B)
[1229/082015.484:WARNING:pe_image_reader.cc(340)] could not read dos header from C:\Program Files (x86)\Google\Chrome\Application\79.0.3945.88\chrome_elf.dll
[1229/082015.484:ERROR:process_memory_win.cc(73)] ReadMemory at 0x7ffc4a690000 of 64 bytes failed: Only part of a ReadProcessMemory or WriteProcessMemory request was completed. (0x12B)
[1229/082015.484:WARNING:pe_image_reader.cc(340)] could not read dos header from C:\WINDOWS\SYSTEM32\VERSION.dll
[1229/082015.484:ERROR:process_memory_win.cc(73)] ReadMemory at 0x7ffc58420000 of 64 bytes failed: Only part of a ReadProcessMemory or WriteProcessMemory request was completed. (0x12B)
[1229/082015.484:WARNING:pe_image_reader.cc(340)] could not read dos header from C:\WINDOWS\System32\msvcrt.dll
[1229/082015.484:ERROR:process_memory_win.cc(73)] ReadMemory at 0x7ffc572d0000 of 64 bytes failed: Only part of a ReadProcessMemory or WriteProcessMemory request was completed. (0x12B)
[1229/082015.484:WARNING:pe_image_reader.cc(340)] could not read dos header from C:\WINDOWS\System32\bcryptPrimitives.dll
[1229/082015.484:ERROR:process_memory_win.cc(73)] ReadMemory at 0x7ffc582f0000 of 64 bytes failed: Only part of a ReadProcessMemory or WriteProcessMemory request was completed. (0x12B)
[1229/082015.484:WARNING:pe_image_reader.cc(340)] could not read dos header from C:\WINDOWS\System32\ADVAPI32.dll
[1229/082015.484:ERROR:process_memory_win.cc(73)] ReadMemory at 0x7ffc592a0000 of 64 bytes failed: Only part of a ReadProcessMemory or WriteProcessMemory request was completed. (0x12B)
[1229/082015.484:WARNING:pe_image_reader.cc(340)] could not read dos header from C:\WINDOWS\System32\sechost.dll
[1229/082015.484:ERROR:process_memory_win.cc(73)] ReadMemory at 0x7ffc58640000 of 64 bytes failed: Only part of a ReadProcessMemory or WriteProcessMemory request was completed. (0x12B)
[1229/082015.484:WARNING:pe_image_reader.cc(340)] could not read dos header from C:\WINDOWS\System32\RPCRT4.dll
[1229/082015.484:ERROR:process_memory_win.cc(73)] ReadMemory at 0x7ffc0b130000 of 64 bytes failed: Only part of a ReadProcessMemory or WriteProcessMemory request was completed. (0x12B)
[1229/082015.484:WARNING:pe_image_reader.cc(340)] could not read dos header from C:\Program Files (x86)\Google\Chrome\Application\79.0.3945.88\chrome_child.dll
[1229/082015.484:ERROR:process_memory_win.cc(73)] ReadMemory at 0x7ffc57d00000 of 64 bytes failed: Only part of a ReadProcessMemory or WriteProcessMemory request was completed. (0x12B)
[1229/082015.484:WARNING:pe_image_reader.cc(340)] could not read dos header from C:\WINDOWS\System32\OLEAUT32.dll
[1229/082015.484:ERROR:process_memory_win.cc(73)] ReadMemory at 0x7ffc56ef0000 of 64 bytes failed: Only part of a ReadProcessMemory or WriteProcessMemory request was completed. (0x12B)
[1229/082015.484:WARNING:pe_image_reader.cc(340)] could not read dos header from C:\WINDOWS\System32\msvcp_win.dll
[1229/082015.485:ERROR:process_memory_win.cc(73)] ReadMemory at 0x7ffc573b0000 of 64 bytes failed: Only part of a ReadProcessMemory or WriteProcessMemory request was completed. (0x12B)
[1229/082015.485:WARNING:pe_image_reader.cc(340)] could not read dos header from C:\WINDOWS\System32\ucrtbase.dll
[1229/082015.485:ERROR:process_memory_win.cc(73)] ReadMemory at 0x7ffc57f80000 of 64 bytes failed: Only part of a ReadProcessMemory or WriteProcessMemory request was completed. (0x12B)
[1229/082015.485:WARNING:pe_image_reader.cc(340)] could not read dos header from C:\WINDOWS\System32\combase.dll
[1229/082015.485:ERROR:process_memory_win.cc(73)] ReadMemory at 0x7ffc58b50000 of 64 bytes failed: Only part of a ReadProcessMemory or WriteProcessMemory request was completed. (0x12B)
[1229/082015.485:WARNING:pe_image_reader.cc(340)] could not read dos header from C:\WINDOWS\System32\WS2_32.dll
[1229/082015.485:ERROR:process_memory_win.cc(73)] ReadMemory at 0x7ffc57350000 of 64 bytes failed: Only part of a ReadProcessMemory or WriteProcessMemory request was completed. (0x12B)
[1229/082015.485:WARNING:pe_image_reader.cc(340)] could not read dos header from C:\WINDOWS\System32\WINTRUST.dll
[1229/082015.485:ERROR:process_memory_win.cc(73)] ReadMemory at 0x7ffc56a60000 of 64 bytes failed: Only part of a ReadProcessMemory or WriteProcessMemory request was completed. (0x12B)
[1229/082015.485:WARNING:pe_image_reader.cc(340)] could not read dos header from C:\WINDOWS\System32\MSASN1.dll
[1229/082015.485:ERROR:process_memory_win.cc(73)] ReadMemory at 0x7ffc57180000 of 64 bytes failed: Only part of a ReadProcessMemory or WriteProcessMemory request was completed. (0x12B)
[1229/082015.485:WARNING:pe_image_reader.cc(340)] could not read dos header from C:\WINDOWS\System32\CRYPT32.dll
[1229/082015.485:ERROR:process_memory_win.cc(73)] ReadMemory at 0x7ffc55f70000 of 64 bytes failed: Only part of a ReadProcessMemory or WriteProcessMemory request was completed. (0x12B)
[1229/082015.485:WARNING:pe_image_reader.cc(340)] could not read dos header from C:\WINDOWS\SYSTEM32\IPHLPAPI.DLL
[1229/082015.485:ERROR:process_memory_win.cc(73)] ReadMemory at 0x7ffc535f0000 of 64 bytes failed: Only part of a ReadProcessMemory or WriteProcessMemory request was completed. (0x12B)
[1229/082015.485:WARNING:pe_image_reader.cc(340)] could not read dos header from C:\WINDOWS\SYSTEM32\WINMM.dll
[1229/082015.486:ERROR:process_memory_win.cc(73)] ReadMemory at 0x7ffc56970000 of 64 bytes failed: Only part of a ReadProcessMemory or WriteProcessMemory request was completed. (0x12B)
[1229/082015.486:WARNING:pe_image_reader.cc(340)] could not read dos header from C:\WINDOWS\SYSTEM32\USERENV.dll
[1229/082015.486:ERROR:process_memory_win.cc(73)] ReadMemory at 0x7ffc56a80000 of 64 bytes failed: Only part of a ReadProcessMemory or WriteProcessMemory request was completed. (0x12B)
[1229/082015.486:WARNING:pe_image_reader.cc(340)] could not read dos header from C:\WINDOWS\System32\profapi.dll
[1229/082015.486:ERROR:process_memory_win.cc(73)] ReadMemory at 0x7ffc46ba0000 of 64 bytes failed: Only part of a ReadProcessMemory or WriteProcessMemory request was completed. (0x12B)
[1229/082015.486:WARNING:pe_image_reader.cc(340)] could not read dos header from C:\WINDOWS\SYSTEM32\DWrite.dll
[1229/082015.486:ERROR:process_memory_win.cc(73)] ReadMemory at 0x7ffc4aaa0000 of 64 bytes failed: Only part of a ReadProcessMemory or WriteProcessMemory request was completed. (0x12B)
[1229/082015.486:WARNING:pe_image_reader.cc(340)] could not read dos header from C:\WINDOWS\SYSTEM32\WINSPOOL.DRV
[1229/082015.486:ERROR:process_memory_win.cc(73)] ReadMemory at 0x7ffc56aa0000 of 64 bytes failed: Only part of a ReadProcessMemory or WriteProcessMemory request was completed. (0x12B)
[1229/082015.486:WARNING:pe_image_reader.cc(340)] could not read dos header from C:\WINDOWS\System32\kernel.appcore.dll
[1229/082015.486:ERROR:process_memory_win.cc(73)] ReadMemory at 0x7ffc56fb0000 of 64 bytes failed: Only part of a ReadProcessMemory or WriteProcessMemory request was completed. (0x12B)
[1229/082015.486:WARNING:pe_image_reader.cc(340)] could not read dos header from C:\WINDOWS\System32\bcrypt.dll
[1229/082015.486:ERROR:process_memory_win.cc(73)] ReadMemory at 0x7ffc491f0000 of 64 bytes failed: Only part of a ReadProcessMemory or WriteProcessMemory request was completed. (0x12B)
[1229/082015.486:WARNING:pe_image_reader.cc(340)] could not read dos header from C:\WINDOWS\SYSTEM32\dbghelp.dll
[1229/082015.486:ERROR:process_memory_win.cc(73)] ReadMemory at 0x7ffc52ab0000 of 64 bytes failed: Only part of a ReadProcessMemory or WriteProcessMemory request was completed. (0x12B)
[1229/082015.486:WARNING:pe_image_reader.cc(340)] could not read dos header from C:\WINDOWS\SYSTEM32\Secur32.dll
[1229/082015.486:ERROR:process_memory_win.cc(73)] ReadMemory at 0x7ffc4c9c0000 of 64 bytes failed: Only part of a ReadProcessMemory or WriteProcessMemory request was completed. (0x12B)
[1229/082015.486:WARNING:pe_image_reader.cc(340)] could not read dos header from C:\WINDOWS\SYSTEM32\WINHTTP.dll
[1229/082015.486:ERROR:process_memory_win.cc(73)] ReadMemory at 0x7ffc4d870000 of 64 bytes failed: Only part of a ReadProcessMemory or WriteProcessMemory request was completed. (0x12B)
[1229/082015.487:WARNING:pe_image_reader.cc(340)] could not read dos header from C:\WINDOWS\SYSTEM32\dhcpcsvc.DLL
[1229/082015.487:ERROR:process_memory_win.cc(73)] ReadMemory at 0x7ffc583a0000 of 64 bytes failed: Only part of a ReadProcessMemory or WriteProcessMemory request was completed. (0x12B)
[1229/082015.487:WARNING:pe_image_reader.cc(340)] could not read dos header from C:\WINDOWS\System32\NSI.dll
[1229/082015.487:ERROR:process_memory_win.cc(73)] ReadMemory at 0x7ffc535c0000 of 64 bytes failed: Only part of a ReadProcessMemory or WriteProcessMemory request was completed. (0x12B)
[1229/082015.487:WARNING:pe_image_reader.cc(340)] could not read dos header from C:\WINDOWS\SYSTEM32\WINMMBASE.dll
[1229/082015.487:ERROR:process_memory_win.cc(73)] ReadMemory at 0x7ffc56b10000 of 64 bytes failed: Only part of a ReadProcessMemory or WriteProcessMemory request was completed. (0x12B)
[1229/082015.487:WARNING:pe_image_reader.cc(340)] could not read dos header from C:\WINDOWS\System32\cfgmgr32.dll
[1229/082015.487:ERROR:process_memory_win.cc(73)] ReadMemory at 0x7ffc53250000 of 64 bytes failed: Only part of a ReadProcessMemory or WriteProcessMemory request was completed. (0x12B)
[1229/082015.487:WARNING:pe_image_reader.cc(340)] could not read dos header from C:\WINDOWS\SYSTEM32\PROPSYS.dll
[1229/082015.487:ERROR:process_memory_win.cc(73)] ReadMemory at 0x7ffc59340000 of 64 bytes failed: Only part of a ReadProcessMemory or WriteProcessMemory request was completed. (0x12B)
[1229/082015.487:WARNING:pe_image_reader.cc(340)] could not read dos header from C:\WINDOWS\System32\shcore.dll
[1229/082015.487:ERROR:process_memory_win.cc(73)] ReadMemory at 0x7ffc56940000 of 64 bytes failed: Only part of a ReadProcessMemory or WriteProcessMemory request was completed. (0x12B)
[1229/082015.487:WARNING:pe_image_reader.cc(340)] could not read dos header from C:\WINDOWS\SYSTEM32\SSPICLI.DLL
[1229/082015.487:ERROR:process_memory_win.cc(73)] ReadMemory at 0x7ffc56430000 of 64 bytes failed: Only part of a ReadProcessMemory or WriteProcessMemory request was completed. (0x12B)
[1229/082015.487:WARNING:pe_image_reader.cc(340)] could not read dos header from C:\WINDOWS\SYSTEM32\CRYPTBASE.DLL
[1229/082015.637:ERROR:process_memory_win.cc(73)] ReadMemory at 0xe259f4000 of 49152 bytes failed: Only part of a ReadProcessMemory or WriteProcessMemory request was completed. (0x12B)
[1229/082015.694:ERROR:process_memory_win.cc(73)] ReadMemory at 0xe261fd000 of 12288 bytes failed: Only part of a ReadProcessMemory or WriteProcessMemory request was completed. (0x12B)
[1229/082015.694:ERROR:process_memory_win.cc(73)] ReadMemory at 0xe269f9000 of 28672 bytes failed: Only part of a ReadProcessMemory or WriteProcessMemory request was completed. (0x12B)
[1229/082015.694:ERROR:process_memory_win.cc(73)] ReadMemory at 0xe271fd000 of 12288 bytes failed: Only part of a ReadProcessMemory or WriteProcessMemory request was completed. (0x12B)
[1229/082015.695:ERROR:process_memory_win.cc(73)] ReadMemory at 0xe279fc000 of 16384 bytes failed: Only part of a ReadProcessMemory or WriteProcessMemory request was completed. (0x12B)
[1229/082015.695:ERROR:process_memory_win.cc(73)] ReadMemory at 0xe281ff000 of 4096 bytes failed: Only part of a ReadProcessMemory or WriteProcessMemory request was completed. (0x12B)
[1229/082015.695:ERROR:process_memory_win.cc(73)] ReadMemory at 0xe289fd000 of 12288 bytes failed: Only part of a ReadProcessMemory or WriteProcessMemory request was completed. (0x12B)
[1229/082015.696:ERROR:process_memory_win.cc(73)] ReadMemory at 0xe291fb000 of 20480 bytes failed: Only part of a ReadProcessMemory or WriteProcessMemory request was completed. (0x12B)
[1229/082015.696:ERROR:process_memory_win.cc(73)] ReadMemory at 0xe299fd000 of 12288 bytes failed: Only part of a ReadProcessMemory or WriteProcessMemory request was completed. (0x12B)
[1229/082015.696:ERROR:process_memory_win.cc(73)] ReadMemory at 0xe2a1fd000 of 12288 bytes failed: Only part of a ReadProcessMemory or WriteProcessMemory request was completed. (0x12B)
[1229/082015.696:ERROR:process_memory_win.cc(73)] ReadMemory at 0xe2a9fd000 of 12288 bytes failed: Only part of a ReadProcessMemory or WriteProcessMemory request was completed. (0x12B)
[1229/082015.697:ERROR:process_memory_win.cc(73)] ReadMemory at 0xe2b1f6000 of 40960 bytes failed: Only part of a ReadProcessMemory or WriteProcessMemory request was completed. (0x12B)
[1229/082015.697:ERROR:process_memory_win.cc(73)] ReadMemory at 0xe2b9fc000 of 16384 bytes failed: Only part of a ReadProcessMemory or WriteProcessMemory request was completed. (0x12B)
[1229/082015.697:ERROR:process_memory_win.cc(73)] ReadMemory at 0xe2c1fe000 of 8192 bytes failed: Only part of a ReadProcessMemory or WriteProcessMemory request was completed. (0x12B)
[1229/082015.697:ERROR:process_memory_win.cc(73)] ReadMemory at 0xe251ba000 of 852 bytes failed: Only part of a ReadProcessMemory or WriteProcessMemory request was completed. (0x12B)
[1229/082015.698:ERROR:process_memory_win.cc(73)] ReadMemory at 0xe251bb000 of 6024 bytes failed: Only part of a ReadProcessMemory or WriteProcessMemory request was completed. (0x12B)
[1229/082015.698:ERROR:process_memory_win.cc(73)] ReadMemory at 0xe251bd000 of 6024 bytes failed: Only part of a ReadProcessMemory or WriteProcessMemory request was completed. (0x12B)
[1229/082015.698:ERROR:process_memory_win.cc(73)] ReadMemory at 0xe251bf000 of 6024 bytes failed: Only part of a ReadProcessMemory or WriteProcessMemory request was completed. (0x12B)
[1229/082015.698:ERROR:process_memory_win.cc(73)] ReadMemory at 0xe251c1000 of 6024 bytes failed: Only part of a ReadProcessMemory or WriteProcessMemory request was completed. (0x12B)
[1229/082015.698:ERROR:process_memory_win.cc(73)] ReadMemory at 0xe251c3000 of 6024 bytes failed: Only part of a ReadProcessMemory or WriteProcessMemory request was completed. (0x12B)
[1229/082015.699:ERROR:process_memory_win.cc(73)] ReadMemory at 0xe251c5000 of 6024 bytes failed: Only part of a ReadProcessMemory or WriteProcessMemory request was completed. (0x12B)
[1229/082015.699:ERROR:process_memory_win.cc(73)] ReadMemory at 0xe251c7000 of 6024 bytes failed: Only part of a ReadProcessMemory or WriteProcessMemory request was completed. (0x12B)
[1229/082015.699:ERROR:process_memory_win.cc(73)] ReadMemory at 0xe251c9000 of 6024 bytes failed: Only part of a ReadProcessMemory or WriteProcessMemory request was completed. (0x12B)
[1229/082015.699:ERROR:process_memory_win.cc(73)] ReadMemory at 0xe251cb000 of 6024 bytes failed: Only part of a ReadProcessMemory or WriteProcessMemory request was completed. (0x12B)
[1229/082015.699:ERROR:process_memory_win.cc(73)] ReadMemory at 0xe251cd000 of 6024 bytes failed: Only part of a ReadProcessMemory or WriteProcessMemory request was completed. (0x12B)
[1229/082015.699:ERROR:process_memory_win.cc(73)] ReadMemory at 0xe251cf000 of 6024 bytes failed: Only part of a ReadProcessMemory or WriteProcessMemory request was completed. (0x12B)
[1229/082015.700:ERROR:process_memory_win.cc(73)] ReadMemory at 0xe251d3000 of 6024 bytes failed: Only part of a ReadProcessMemory or WriteProcessMemory request was completed. (0x12B)
[1229/082015.700:ERROR:process_memory_win.cc(73)] ReadMemory at 0xe251d5000 of 6024 bytes failed: Only part of a ReadProcessMemory or WriteProcessMemory request was completed. (0x12B)
[1229/082015.700:ERROR:process_memory_win.cc(73)] ReadMemory at 0xe251d7000 of 6024 bytes failed: Only part of a ReadProcessMemory or WriteProcessMemory request was completed. (0x12B)
[1229/082015.700:ERROR:process_memory_win.cc(73)] ReadMemory at 0x1da8edc0750 of 80 bytes failed: Only part of a ReadProcessMemory or WriteProcessMemory request was completed. (0x12B)
[1229/082015.700:ERROR:process_memory_win.cc(73)] ReadMemory at 0x1da8edc0fe0 of 16080 bytes failed: Only part of a ReadProcessMemory or WriteProcessMemory request was completed. (0x12B)
[1229/082015.701:ERROR:process_memory_win.cc(73)] ReadMemory at 0x1da8edc4ec0 of 1012 bytes failed: Only part of a ReadProcessMemory or WriteProcessMemory request was completed. (0x12B)
[1229/082015.701:ERROR:process_memory_win.cc(73)] ReadMemory at 0x1da8edc5508 of 118 bytes failed: Only part of a ReadProcessMemory or WriteProcessMemory request was completed. (0x12B)
[1229/082015.701:ERROR:process_memory_win.cc(73)] ReadMemory at 0x1da8edc5580 of 818 bytes failed: Only part of a ReadProcessMemory or WriteProcessMemory request was completed. (0x12B)
[1229/082015.701:ERROR:process_memory_win.cc(73)] ReadMemory at 0x1da8edc58b4 of 118 bytes failed: Only part of a ReadProcessMemory or WriteProcessMemory request was completed. (0x12B)
[1229/082015.701:ERROR:process_memory_win.cc(73)] ReadMemory at 0x1da8edc592c of 100 bytes failed: Only part of a ReadProcessMemory or WriteProcessMemory request was completed. (0x12B)
[1229/082015.701:ERROR:process_memory_win.cc(73)] ReadMemory at 0x1da8edc59a0 of 58 bytes failed: Only part of a ReadProcessMemory or WriteProcessMemory request was completed. (0x12B)
[1229/082015.701:ERROR:process_memory_win.cc(73)] ReadMemory at 0x1da8edc5aa0 of 132 bytes failed: Only part of a ReadProcessMemory or WriteProcessMemory request was completed. (0x12B)
[1229/082015.702:ERROR:process_memory_win.cc(73)] ReadMemory at 0x1da8edc5c30 of 132 bytes failed: Only part of a ReadProcessMemory or WriteProcessMemory request was completed. (0x12B)
[1229/082015.702:ERROR:process_memory_win.cc(73)] ReadMemory at 0x1da8edc5df0 of 124 bytes failed: Only part of a ReadProcessMemory or WriteProcessMemory request was completed. (0x12B)
[1229/082015.702:ERROR:process_memory_win.cc(73)] ReadMemory at 0x1da8edc61d0 of 132 bytes failed: Only part of a ReadProcessMemory or WriteProcessMemory request was completed. (0x12B)
[1229/082015.702:ERROR:process_memory_win.cc(73)] ReadMemory at 0x1da8edc6360 of 64 bytes failed: Only part of a ReadProcessMemory or WriteProcessMemory request was completed. (0x12B)
[1229/082015.702:ERROR:process_memory_win.cc(73)] ReadMemory at 0x1da8edc6520 of 132 bytes failed: Only part of a ReadProcessMemory or WriteProcessMemory request was completed. (0x12B)
[1229/082015.702:ERROR:process_memory_win.cc(73)] ReadMemory at 0x1da8edc67c0 of 132 bytes failed: Only part of a ReadProcessMemory or WriteProcessMemory request was completed. (0x12B)
[1229/082015.702:ERROR:process_memory_win.cc(73)] ReadMemory at 0x1da8edc6950 of 68 bytes failed: Only part of a ReadProcessMemory or WriteProcessMemory request was completed. (0x12B)
[1229/082015.703:ERROR:process_memory_win.cc(73)] ReadMemory at 0x1da8edc7a40 of 132 bytes failed: Only part of a ReadProcessMemory or WriteProcessMemory request was completed. (0x12B)
[1229/082015.703:ERROR:process_memory_win.cc(73)] ReadMemory at 0x1da8edc7bd0 of 152 bytes failed: Only part of a ReadProcessMemory or WriteProcessMemory request was completed. (0x12B)
[1229/082015.703:ERROR:process_memory_win.cc(73)] ReadMemory at 0x1da8edc89e0 of 62 bytes failed: Only part of a ReadProcessMemory or WriteProcessMemory request was completed. (0x12B)
[1229/082015.703:ERROR:process_memory_win.cc(73)] ReadMemory at 0x1da8edc8b40 of 132 bytes failed: Only part of a ReadProcessMemory or WriteProcessMemory request was completed. (0x12B)
[1229/082015.703:ERROR:process_memory_win.cc(73)] ReadMemory at 0x1da8edc9220 of 60 bytes failed: Only part of a ReadProcessMemory or WriteProcessMemory request was completed. (0x12B)
[1229/082015.703:ERROR:process_memory_win.cc(73)] ReadMemory at 0x1da8edc9800 of 132 bytes failed: Only part of a ReadProcessMemory or WriteProcessMemory request was completed. (0x12B)
[1229/082015.703:ERROR:process_memory_win.cc(73)] ReadMemory at 0x1da8edc9930 of 132 bytes failed: Only part of a ReadProcessMemory or WriteProcessMemory request was completed. (0x12B)
[1229/082015.704:ERROR:process_memory_win.cc(73)] ReadMemory at 0x1da8edc9b40 of 132 bytes failed: Only part of a ReadProcessMemory or WriteProcessMemory request was completed. (0x12B)
[1229/082015.704:ERROR:process_memory_win.cc(73)] ReadMemory at 0x1da8edc9ef0 of 132 bytes failed: Only part of a ReadProcessMemory or WriteProcessMemory request was completed. (0x12B)
[1229/082015.704:ERROR:process_memory_win.cc(73)] ReadMemory at 0x1da8edca590 of 132 bytes failed: Only part of a ReadProcessMemory or WriteProcessMemory request was completed. (0x12B)
[1229/082015.704:ERROR:process_memory_win.cc(73)] ReadMemory at 0x1da8edcd490 of 64 bytes failed: Only part of a ReadProcessMemory or WriteProcessMemory request was completed. (0x12B)
[1229/082015.704:ERROR:process_memory_win.cc(73)] ReadMemory at 0x1da8edcd4e0 of 60 bytes failed: Only part of a ReadProcessMemory or WriteProcessMemory request was completed. (0x12B)
[1229/082015.704:ERROR:process_memory_win.cc(73)] ReadMemory at 0x1da8edcd620 of 62 bytes failed: Only part of a ReadProcessMemory or WriteProcessMemory request was completed. (0x12B)
[1229/082015.704:ERROR:process_memory_win.cc(73)] ReadMemory at 0x1da8edcd8f0 of 66 bytes failed: Only part of a ReadProcessMemory or WriteProcessMemory request was completed. (0x12B)
[1229/082015.704:ERROR:process_memory_win.cc(73)] ReadMemory at 0x1da8edcd940 of 64 bytes failed: Only part of a ReadProcessMemory or WriteProcessMemory request was completed. (0x12B)
[1229/082015.705:ERROR:process_memory_win.cc(73)] ReadMemory at 0x1da8edcd990 of 62 bytes failed: Only part of a ReadProcessMemory or WriteProcessMemory request was completed. (0x12B)
[1229/082015.705:ERROR:process_memory_win.cc(73)] ReadMemory at 0x1da8edcd9e0 of 60 bytes failed: Only part of a ReadProcessMemory or WriteProcessMemory request was completed. (0x12B)
[1229/082015.705:ERROR:process_memory_win.cc(73)] ReadMemory at 0x1da8edcda80 of 64 bytes failed: Only part of a ReadProcessMemory or WriteProcessMemory request was completed. (0x12B)
[1229/082015.705:ERROR:process_memory_win.cc(73)] ReadMemory at 0x1da8edcdad0 of 64 bytes failed: Only part of a ReadProcessMemory or WriteProcessMemory request was completed. (0x12B)
[1229/082015.705:ERROR:process_memory_win.cc(73)] ReadMemory at 0x1da8edcde30 of 64 bytes failed: Only part of a ReadProcessMemory or WriteProcessMemory request was completed. (0x12B)
[1229/082015.705:ERROR:process_memory_win.cc(73)] ReadMemory at 0x1da8edcdf70 of 62 bytes failed: Only part of a ReadProcessMemory or WriteProcessMemory request was completed. (0x12B)
[1229/082015.705:ERROR:process_memory_win.cc(73)] ReadMemory at 0x1da8edcdfc0 of 62 bytes failed: Only part of a ReadProcessMemory or WriteProcessMemory request was completed. (0x12B)
[1229/082015.705:ERROR:process_memory_win.cc(73)] ReadMemory at 0x1da8edce010 of 62 bytes failed: Only part of a ReadProcessMemory or WriteProcessMemory request was completed. (0x12B)
[1229/082015.706:ERROR:process_memory_win.cc(73)] ReadMemory at 0x1da8edce150 of 60 bytes failed: Only part of a ReadProcessMemory or WriteProcessMemory request was completed. (0x12B)
[1229/082015.706:ERROR:process_memory_win.cc(73)] ReadMemory at 0x1da8edce290 of 62 bytes failed: Only part of a ReadProcessMemory or WriteProcessMemory request was completed. (0x12B)
[1229/082015.706:ERROR:process_memory_win.cc(73)] ReadMemory at 0x1da8edce330 of 66 bytes failed: Only part of a ReadProcessMemory or WriteProcessMemory request was completed. (0x12B)
[1229/082015.706:ERROR:process_memory_win.cc(73)] ReadMemory at 0x1da8edce380 of 60 bytes failed: Only part of a ReadProcessMemory or WriteProcessMemory request was completed. (0x12B)
[1229/082015.706:ERROR:process_memory_win.cc(73)] ReadMemory at 0x1da8edce600 of 62 bytes failed: Only part of a ReadProcessMemory or WriteProcessMemory request was completed. (0x12B)
[1229/082015.706:ERROR:process_memory_win.cc(73)] ReadMemory at 0x1da8edce6a0 of 58 bytes failed: Only part of a ReadProcessMemory or WriteProcessMemory request was completed. (0x12B)
[1229/082015.707:ERROR:process_memory_win.cc(73)] ReadMemory at 0x1da8edce6f0 of 62 bytes failed: Only part of a ReadProcessMemory or WriteProcessMemory request was completed. (0x12B)
[1229/082015.707:ERROR:process_memory_win.cc(73)] ReadMemory at 0x1da8edce740 of 64 bytes failed: Only part of a ReadProcessMemory or WriteProcessMemory request was completed. (0x12B)
[1229/082015.707:ERROR:process_memory_win.cc(73)] ReadMemory at 0x1da8edce790 of 64 bytes failed: Only part of a ReadProcessMemory or WriteProcessMemory request was completed. (0x12B)
[1229/082015.707:ERROR:process_memory_win.cc(73)] ReadMemory at 0x1da8edce7e0 of 60 bytes failed: Only part of a ReadProcessMemory or WriteProcessMemory request was completed. (0x12B)
[1229/082015.707:ERROR:process_memory_win.cc(73)] ReadMemory at 0x1da8edce830 of 62 bytes failed: Only part of a ReadProcessMemory or WriteProcessMemory request was completed. (0x12B)
[1229/082015.707:ERROR:process_memory_win.cc(73)] ReadMemory at 0x1da8edce880 of 64 bytes failed: Only part of a ReadProcessMemory or WriteProcessMemory request was completed. (0x12B)
[1229/082015.707:ERROR:process_memory_win.cc(73)] ReadMemory at 0x1da8edceba0 of 62 bytes failed: Only part of a ReadProcessMemory or WriteProcessMemory request was completed. (0x12B)
[1229/082015.707:ERROR:process_memory_win.cc(73)] ReadMemory at 0x1da8edcebf0 of 60 bytes failed: Only part of a ReadProcessMemory or WriteProcessMemory request was completed. (0x12B)
[1229/082015.708:ERROR:process_memory_win.cc(73)] ReadMemory at 0x1da8edd1350 of 132 bytes failed: Only part of a ReadProcessMemory or WriteProcessMemory request was completed. (0x12B)
[1229/082015.708:ERROR:process_memory_win.cc(73)] ReadMemory at 0x1da8edd1d70 of 132 bytes failed: Only part of a ReadProcessMemory or WriteProcessMemory request was completed. (0x12B)
[1229/082015.708:ERROR:process_memory_win.cc(73)] ReadMemory at 0x1da8edd1ea0 of 132 bytes failed: Only part of a ReadProcessMemory or WriteProcessMemory request was completed. (0x12B)
[1229/082015.708:ERROR:process_memory_win.cc(73)] ReadMemory at 0x1da8edd1fd0 of 132 bytes failed: Only part of a ReadProcessMemory or WriteProcessMemory request was completed. (0x12B)
[1229/082015.708:ERROR:process_memory_win.cc(73)] ReadMemory at 0x1da8edd2100 of 132 bytes failed: Only part of a ReadProcessMemory or WriteProcessMemory request was completed. (0x12B)
[1229/082015.708:ERROR:process_memory_win.cc(73)] ReadMemory at 0x1da8edd2230 of 132 bytes failed: Only part of a ReadProcessMemory or WriteProcessMemory request was completed. (0x12B)
[1229/082015.708:ERROR:process_memory_win.cc(73)] ReadMemory at 0x1da8edd2360 of 132 bytes failed: Only part of a ReadProcessMemory or WriteProcessMemory request was completed. (0x12B)
[1229/082015.708:ERROR:process_memory_win.cc(73)] ReadMemory at 0x1da8edd25c0 of 132 bytes failed: Only part of a ReadProcessMemory or WriteProcessMemory request was completed. (0x12B)
[1229/082015.709:ERROR:process_memory_win.cc(73)] ReadMemory at 0x1da8edd26f0 of 132 bytes failed: Only part of a ReadProcessMemory or WriteProcessMemory request was completed. (0x12B)
[1229/082015.709:ERROR:process_memory_win.cc(73)] ReadMemory at 0x1da8edd2820 of 132 bytes failed: Only part of a ReadProcessMemory or WriteProcessMemory request was completed. (0x12B)
[1229/082015.709:ERROR:process_memory_win.cc(73)] ReadMemory at 0x1da8edd2950 of 132 bytes failed: Only part of a ReadProcessMemory or WriteProcessMemory request was completed. (0x12B)
[1229/082015.709:ERROR:process_memory_win.cc(73)] ReadMemory at 0x1da8edd2a80 of 132 bytes failed: Only part of a ReadProcessMemory or WriteProcessMemory request was completed. (0x12B)
[1229/082015.709:ERROR:process_memory_win.cc(73)] ReadMemory at 0x1da8edd2bb0 of 132 bytes failed: Only part of a ReadProcessMemory or WriteProcessMemory request was completed. (0x12B)
[1229/082015.709:ERROR:process_memory_win.cc(73)] ReadMemory at 0x1da8edd31f0 of 132 bytes failed: Only part of a ReadProcessMemory or WriteProcessMemory request was completed. (0x12B)
[1229/082015.709:ERROR:process_memory_win.cc(73)] ReadMemory at 0x1da8edd3320 of 132 bytes failed: Only part of a ReadProcessMemory or WriteProcessMemory request was completed. (0x12B)
[1229/082015.710:ERROR:process_memory_win.cc(73)] ReadMemory at 0x1da8edd3450 of 132 bytes failed: Only part of a ReadProcessMemory or WriteProcessMemory request was completed. (0x12B)
[1229/082015.710:ERROR:process_memory_win.cc(73)] ReadMemory at 0x1da8edd39c0 of 132 bytes failed: Only part of a ReadProcessMemory or WriteProcessMemory request was completed. (0x12B)
[1229/082015.710:ERROR:process_memory_win.cc(73)] ReadMemory at 0x1da8edd5870 of 76 bytes failed: Only part of a ReadProcessMemory or WriteProcessMemory request was completed. (0x12B)
[1229/082015.710:ERROR:process_memory_win.cc(73)] ReadMemory at 0x1da8edd96a0 of 54 bytes failed: Only part of a ReadProcessMemory or WriteProcessMemory request was completed. (0x12B)
[1229/082015.710:ERROR:process_memory_win.cc(73)] ReadMemory at 0x1da8edd9f10 of 156 bytes failed: Only part of a ReadProcessMemory or WriteProcessMemory request was completed. (0x12B)
[1229/082015.710:ERROR:process_memory_win.cc(73)] ReadMemory at 0x1da8edda020 of 132 bytes failed: Only part of a ReadProcessMemory or WriteProcessMemory request was completed. (0x12B)
[1229/082015.710:ERROR:process_memory_win.cc(73)] ReadMemory at 0x1da8edda4e0 of 132 bytes failed: Only part of a ReadProcessMemory or WriteProcessMemory request was completed. (0x12B)
[1229/082015.711:ERROR:process_memory_win.cc(73)] ReadMemory at 0x1da8edda610 of 132 bytes failed: Only part of a ReadProcessMemory or WriteProcessMemory request was completed. (0x12B)
[1229/082015.711:ERROR:process_memory_win.cc(73)] ReadMemory at 0x1da8edda740 of 132 bytes failed: Only part of a ReadProcessMemory or WriteProcessMemory request was completed. (0x12B)
[1229/082015.711:ERROR:process_memory_win.cc(73)] ReadMemory at 0x1da8eddad30 of 132 bytes failed: Only part of a ReadProcessMemory or WriteProcessMemory request was completed. (0x12B)
[1229/082015.711:ERROR:process_memory_win.cc(73)] ReadMemory at 0x1da8eddb0c0 of 132 bytes failed: Only part of a ReadProcessMemory or WriteProcessMemory request was completed. (0x12B)
[1229/082015.711:ERROR:process_memory_win.cc(73)] ReadMemory at 0x1da8eddb450 of 132 bytes failed: Only part of a ReadProcessMemory or WriteProcessMemory request was completed. (0x12B)
[1229/082015.711:ERROR:process_memory_win.cc(73)] ReadMemory at 0x1da8eddb910 of 132 bytes failed: Only part of a ReadProcessMemory or WriteProcessMemory request was completed. (0x12B)
[1229/082015.711:ERROR:process_memory_win.cc(73)] ReadMemory at 0x1da8eddbca0 of 132 bytes failed: Only part of a ReadProcessMemory or WriteProcessMemory request was completed. (0x12B)
[1229/082015.712:ERROR:process_memory_win.cc(73)] ReadMemory at 0x1da8edde2d0 of 512 bytes failed: Only part of a ReadProcessMemory or WriteProcessMemory request was completed. (0x12B)
[1229/082015.712:ERROR:process_memory_win.cc(73)] ReadMemory at 0x1da8edf3b80 of 512 bytes failed: Only part of a ReadProcessMemory or WriteProcessMemory request was completed. (0x12B)
[1229/082015.712:ERROR:process_memory_win.cc(73)] ReadMemory at 0x1da8ef51060 of 512 bytes failed: Only part of a ReadProcessMemory or WriteProcessMemory request was completed. (0x12B)
[1229/082015.712:ERROR:process_memory_win.cc(73)] ReadMemory at 0x1da8f29f030 of 512 bytes failed: Only part of a ReadProcessMemory or WriteProcessMemory request was completed. (0x12B)
[1229/082015.712:ERROR:process_memory_win.cc(73)] ReadMemory at 0x1da8f29fe10 of 512 bytes failed: Only part of a ReadProcessMemory or WriteProcessMemory request was completed. (0x12B)
[1229/082015.712:ERROR:process_memory_win.cc(73)] ReadMemory at 0x1da8f2c30e0 of 712 bytes failed: Only part of a ReadProcessMemory or WriteProcessMemory request was completed. (0x12B)
[1229/082015.713:ERROR:process_memory_win.cc(73)] ReadMemory at 0x1da8f34d9a0 of 512 bytes failed: Only part of a ReadProcessMemory or WriteProcessMemory request was completed. (0x12B)
[1229/082015.713:ERROR:process_memory_win.cc(73)] ReadMemory at 0x1da8f351330 of 512 bytes failed: Only part of a ReadProcessMemory or WriteProcessMemory request was completed. (0x12B)
[1229/082015.713:ERROR:process_memory_win.cc(73)] ReadMemory at 0x1da9102e500 of 512 bytes failed: Only part of a ReadProcessMemory or WriteProcessMemory request was completed. (0x12B)
[1229/082015.713:ERROR:process_memory_win.cc(73)] ReadMemory at 0x1da91031820 of 512 bytes failed: Only part of a ReadProcessMemory or WriteProcessMemory request was completed. (0x12B)
[1229/082015.713:ERROR:process_memory_win.cc(73)] ReadMemory at 0x1da910911b8 of 512 bytes failed: Only part of a ReadProcessMemory or WriteProcessMemory request was completed. (0x12B)
[1229/082015.713:ERROR:process_memory_win.cc(73)] ReadMemory at 0x1da91091638 of 512 bytes failed: Only part of a ReadProcessMemory or WriteProcessMemory request was completed. (0x12B)
[1229/082015.713:ERROR:process_memory_win.cc(73)] ReadMemory at 0x1da91179830 of 512 bytes failed: Only part of a ReadProcessMemory or WriteProcessMemory request was completed. (0x12B)
[1229/082015.714:ERROR:process_memory_win.cc(73)] ReadMemory at 0x1da91201060 of 512 bytes failed: Only part of a ReadProcessMemory or WriteProcessMemory request was completed. (0x12B)
[1229/082015.714:ERROR:process_memory_win.cc(73)] ReadMemory at 0x1da915a9690 of 512 bytes failed: Only part of a ReadProcessMemory or WriteProcessMemory request was completed. (0x12B)
[1229/082015.714:ERROR:process_memory_win.cc(73)] ReadMemory at 0x6432d299a281 of 512 bytes failed: Only part of a ReadProcessMemory or WriteProcessMemory request was completed. (0x12B)
[1229/082015.714:ERROR:process_memory_win.cc(73)] ReadMemory at 0x7ffc0b3b2b52 of 512 bytes failed: Only part of a ReadProcessMemory or WriteProcessMemory request was completed. (0x12B)
[1229/082015.714:ERROR:process_memory_win.cc(73)] ReadMemory at 0x7ffc0cbeeeac of 512 bytes failed: Only part of a ReadProcessMemory or WriteProcessMemory request was completed. (0x12B)
[1229/082015.714:ERROR:process_memory_win.cc(73)] ReadMemory at 0x7ffc35f17bc3 of 512 bytes failed: Only part of a ReadProcessMemory or WriteProcessMemory request was completed. (0x12B)
[1229/082015.715:ERROR:process_memory_win.cc(73)] ReadMemory at 0x7ffc35f183ba of 512 bytes failed: Only part of a ReadProcessMemory or WriteProcessMemory request was completed. (0x12B)
[1229/082015.715:ERROR:process_memory_win.cc(73)] ReadMemory at 0x7ffc59bbc0c4 of 672 bytes failed: Only part of a ReadProcessMemory or WriteProcessMemory request was completed. (0x12B)
[1229/082015.715:ERROR:process_memory_win.cc(73)] ReadMemory at 0x7ffc59bbf974 of 608 bytes failed: Only part of a ReadProcessMemory or WriteProcessMemory request was completed. (0x12B)
[1229/082015.715:ERROR:process_memory_win.cc(73)] ReadMemory at 0x7ffc59c4c428 of 18 bytes failed: Only part of a ReadProcessMemory or WriteProcessMemory request was completed. (0x12B)
[1229/082015.715:ERROR:process_memory_win.cc(73)] ReadMemory at 0x7ffc59c7f4f8 of 40 bytes failed: Only part of a ReadProcessMemory or WriteProcessMemory request was completed. (0x12B)
[1229/082015.715:ERROR:process_memory_win.cc(73)] ReadMemory at 0x7ffc59c7f978 of 48 bytes failed: Only part of a ReadProcessMemory or WriteProcessMemory request was completed. (0x12B)
[1229/082015.715:ERROR:process_memory_win.cc(73)] ReadMemory at 0x7ffc59c853c0 of 64 bytes failed: Only part of a ReadProcessMemory or WriteProcessMemory request was completed. (0x12B)
[1229/082015.718:ERROR:scoped_process_suspend.cc(40)] NtResumeProcess: An attempt was made to access an exiting process. (0xc000010a)
